..\Build\GameBuildConsoleWin32\GameBuildConsoleWin32Application.ilk
..\Build\GameBuildConsoleWin32\GameBuildConsoleWin32Application.pdb
E:\PROJECTS\AZUREWOLF\SOURCE\BUILD\GAMEBUILDCONSOLEWIN32\GAMEBUILDCONSOLEWIN32APPLICATION.EXE
E:\PROJECTS\AZUREWOLF\SOURCE\BUILD\GAMEBUILDCONSOLEWIN32\GAMEBUILDCONSOLEWIN32APPLICATION.ILK
E:\PROJECTS\AZUREWOLF\SOURCE\BUILD\GAMEBUILDCONSOLEWIN32\GAMEBUILDCONSOLEWIN32APPLICATION.PDB
E:\Projects\AzureWolf\Source\GameBuildConsole\..\Build\GameBuildConsoleWin32\GameBuildConsoleWin32Application.exe
E:\Projects\AzureWolf\Source\Temp\Builds\GameBuildConsoleWin32\cl.command.1.tlog
E:\Projects\AzureWolf\Source\Temp\Builds\GameBuildConsoleWin32\CL.read.1.tlog
E:\Projects\AzureWolf\Source\Temp\Builds\GameBuildConsoleWin32\CL.write.1.tlog
E:\Projects\AzureWolf\Source\Temp\Builds\GameBuildConsoleWin32\GameBuildConsole.write.1.tlog
E:\PROJECTS\AZUREWOLF\SOURCE\TEMP\BUILDS\GAMEBUILDCONSOLEWIN32\GAMEBUILDCONSOLEWIN32APPLICATION.EXE.EMBED.MANIFEST
E:\PROJECTS\AZUREWOLF\SOURCE\TEMP\BUILDS\GAMEBUILDCONSOLEWIN32\GAMEBUILDCONSOLEWIN32APPLICATION.EXE.EMBED.MANIFEST.RES
E:\PROJECTS\AZUREWOLF\SOURCE\TEMP\BUILDS\GAMEBUILDCONSOLEWIN32\GAMEBUILDCONSOLEWIN32APPLICATION.EXE.INTERMEDIATE.MANIFEST
E:\PROJECTS\AZUREWOLF\SOURCE\TEMP\BUILDS\GAMEBUILDCONSOLEWIN32\GAMEBUILDCONSOLEWIN32APPLICATION.PCH
E:\Projects\AzureWolf\Source\Temp\Builds\GameBuildConsoleWin32\GameBuildConsoleWin32Application_manifest.rc
E:\PROJECTS\AZUREWOLF\SOURCE\TEMP\BUILDS\GAMEBUILDCONSOLEWIN32\GAMEBUILDSTD.OBJ
E:\Projects\AzureWolf\Source\Temp\Builds\GameBuildConsoleWin32\link.8936.read.1.tlog
E:\Projects\AzureWolf\Source\Temp\Builds\GameBuildConsoleWin32\link.8936.read.2.tlog
E:\Projects\AzureWolf\Source\Temp\Builds\GameBuildConsoleWin32\link.8936.write.1.tlog
E:\Projects\AzureWolf\Source\Temp\Builds\GameBuildConsoleWin32\link.8936-cvtres.read.1.tlog
E:\Projects\AzureWolf\Source\Temp\Builds\GameBuildConsoleWin32\link.8936-cvtres.write.1.tlog
E:\Projects\AzureWolf\Source\Temp\Builds\GameBuildConsoleWin32\link.command.1.tlog
E:\Projects\AzureWolf\Source\Temp\Builds\GameBuildConsoleWin32\link.read.1.tlog
E:\Projects\AzureWolf\Source\Temp\Builds\GameBuildConsoleWin32\link.read.2.tlog
E:\Projects\AzureWolf\Source\Temp\Builds\GameBuildConsoleWin32\link.write.1.tlog
E:\Projects\AzureWolf\Source\Temp\Builds\GameBuildConsoleWin32\link-cvtres.read.1.tlog
E:\Projects\AzureWolf\Source\Temp\Builds\GameBuildConsoleWin32\link-cvtres.write.1.tlog
E:\Projects\AzureWolf\Source\Temp\Builds\GameBuildConsoleWin32\mt.command.1.tlog
E:\Projects\AzureWolf\Source\Temp\Builds\GameBuildConsoleWin32\mt.read.1.tlog
E:\Projects\AzureWolf\Source\Temp\Builds\GameBuildConsoleWin32\mt.write.1.tlog
E:\Projects\AzureWolf\Source\Temp\Builds\GameBuildConsoleWin32\rc.command.1.tlog
E:\Projects\AzureWolf\Source\Temp\Builds\GameBuildConsoleWin32\rc.read.1.tlog
E:\Projects\AzureWolf\Source\Temp\Builds\GameBuildConsoleWin32\rc.write.1.tlog
