Build started 2015-01-11 9:30:35 PM.
     1>Project "E:\Projects\AzureWolf\Source\GameBuild\GameBuild.vcxproj" on node 2 (build target(s)).
     1>InitializeBuildStatus:
         Creating "..\Temp\Builds\GameBuildWin32\GameBuild.unsuccessfulbuild" because "AlwaysCreate" was specified.
       ClCompile:
         All outputs are up-to-date.
       ManifestResourceCompile:
         All outputs are up-to-date.
       Link:
         C:\Program Files (x86)\Microsoft Visual Studio 10.0\VC\bin\link.exe /ERRORREPORT:PROMPT /OUT:"..\Lib\GameBuildWin32\GameBuildWin32Application.exe" /INCREMENTAL /NOLOGO /LIBPATH:E:\Projects\AzureWolf\Source\GameBuild\\..\Lib\AzureWolfWin32 AzureWolfWin32D.lib opengl32.lib glew32s.lib glu32.lib kernel32.lib user32.lib gdi32.lib winspool.lib comdlg32.lib advapi32.lib shell32.lib ole32.lib oleaut32.lib uuid.lib odbc32.lib odbccp32.lib /NODEFAULTLIB:libcmt.lib /NODEFAULTLIB:libcmtd.lib /MANIFEST /ManifestFile:"..\Temp\Builds\GameBuildWin32\GameBuildWin32Application.exe.intermediate.manifest" /MANIFESTUAC:"level='asInvoker' uiAccess='false'" /DEBUG /PDB:"E:\Projects\AzureWolf\Source\Lib\GameBuildWin32\GameBuildWin32Application.pdb" /SUBSYSTEM:WINDOWS /TLBID:1 /ENTRY:"mainCRTStartup" /DYNAMICBASE /NXCOMPAT /IMPLIB:"..\Lib\GameBuildWin32\GameBuildWin32Application.lib" /MACHINE:X86 ..\Temp\Builds\GameBuildWin32\GameBuildWin32Application.exe.embed.manifest.res
         ..\Temp\Builds\GameBuildWin32\GameBuildStd.obj
     1>glew32s.lib(glew.obj) : warning LNK4099: PDB 'vc120.pdb' was not found with 'glew32s.lib(glew.obj)' or at 'E:\Projects\AzureWolf\Source\Lib\GameBuildWin32\vc120.pdb'; linking object as if no debug info
       Manifest:
         C:\Program Files (x86)\Microsoft SDKs\Windows\v7.0A\bin\mt.exe /nologo /verbose /out:"..\Temp\Builds\GameBuildWin32\GameBuildWin32Application.exe.embed.manifest" /manifest ..\Temp\Builds\GameBuildWin32\GameBuildWin32Application.exe.intermediate.manifest
         All outputs are up-to-date.
       LinkEmbedManifest:
         All outputs are up-to-date.
         GameBuild.vcxproj -> E:\Projects\AzureWolf\Source\GameBuild\..\Lib\GameBuildWin32\GameBuildWin32Application.exe
       FinalizeBuildStatus:
         Deleting file "..\Temp\Builds\GameBuildWin32\GameBuild.unsuccessfulbuild".
         Touching "..\Temp\Builds\GameBuildWin32\GameBuild.lastbuildstate".
     1>Done Building Project "E:\Projects\AzureWolf\Source\GameBuild\GameBuild.vcxproj" (build target(s)).

Build succeeded.

Time Elapsed 00:00:00.29
