..\Lib\GameBuildWin32\GameBuildWin32Application.ilk
..\Lib\GameBuildWin32\GameBuildWin32Application.pdb
E:\Projects\AzureWolf\Source\GameBuild\..\Lib\GameBuildWin32\GameBuildWin32Application.exe
E:\PROJECTS\AZUREWOLF\SOURCE\LIB\GAMEBUILDWIN32\GAMEBUILDWIN32APPLICATION.EXE
E:\PROJECTS\AZUREWOLF\SOURCE\LIB\GAMEBUILDWIN32\GAMEBUILDWIN32APPLICATION.ILK
E:\PROJECTS\AZUREWOLF\SOURCE\LIB\GAMEBUILDWIN32\GAMEBUILDWIN32APPLICATION.PDB
E:\Projects\AzureWolf\Source\Temp\Builds\GameBuildWin32\cl.command.1.tlog
E:\Projects\AzureWolf\Source\Temp\Builds\GameBuildWin32\CL.read.1.tlog
E:\Projects\AzureWolf\Source\Temp\Builds\GameBuildWin32\CL.write.1.tlog
E:\Projects\AzureWolf\Source\Temp\Builds\GameBuildWin32\GameBuild.write.1.tlog
E:\PROJECTS\AZUREWOLF\SOURCE\TEMP\BUILDS\GAMEBUILDWIN32\GAMEBUILDSTD.OBJ
E:\PROJECTS\AZUREWOLF\SOURCE\TEMP\BUILDS\GAMEBUILDWIN32\GAMEBUILDWIN32APPLICATION.EXE.EMBED.MANIFEST
E:\PROJECTS\AZUREWOLF\SOURCE\TEMP\BUILDS\GAMEBUILDWIN32\GAMEBUILDWIN32APPLICATION.EXE.EMBED.MANIFEST.RES
E:\PROJECTS\AZUREWOLF\SOURCE\TEMP\BUILDS\GAMEBUILDWIN32\GAMEBUILDWIN32APPLICATION.EXE.INTERMEDIATE.MANIFEST
E:\PROJECTS\AZUREWOLF\SOURCE\TEMP\BUILDS\GAMEBUILDWIN32\GAMEBUILDWIN32APPLICATION.PCH
E:\Projects\AzureWolf\Source\Temp\Builds\GameBuildWin32\GameBuildWin32Application_manifest.rc
E:\Projects\AzureWolf\Source\Temp\Builds\GameBuildWin32\link.15532.read.1.tlog
E:\Projects\AzureWolf\Source\Temp\Builds\GameBuildWin32\link.15532.write.1.tlog
E:\Projects\AzureWolf\Source\Temp\Builds\GameBuildWin32\link.15532-cvtres.read.1.tlog
E:\Projects\AzureWolf\Source\Temp\Builds\GameBuildWin32\link.15532-cvtres.write.1.tlog
E:\Projects\AzureWolf\Source\Temp\Builds\GameBuildWin32\link.25568.read.1.tlog
E:\Projects\AzureWolf\Source\Temp\Builds\GameBuildWin32\link.25568.write.1.tlog
E:\Projects\AzureWolf\Source\Temp\Builds\GameBuildWin32\link.25568-cvtres.read.1.tlog
E:\Projects\AzureWolf\Source\Temp\Builds\GameBuildWin32\link.25568-cvtres.write.1.tlog
E:\Projects\AzureWolf\Source\Temp\Builds\GameBuildWin32\link.4816.read.1.tlog
E:\Projects\AzureWolf\Source\Temp\Builds\GameBuildWin32\link.4816.write.1.tlog
E:\Projects\AzureWolf\Source\Temp\Builds\GameBuildWin32\link.4816-cvtres.read.1.tlog
E:\Projects\AzureWolf\Source\Temp\Builds\GameBuildWin32\link.4816-cvtres.write.1.tlog
E:\Projects\AzureWolf\Source\Temp\Builds\GameBuildWin32\link.8696.read.1.tlog
E:\Projects\AzureWolf\Source\Temp\Builds\GameBuildWin32\link.8696.write.1.tlog
E:\Projects\AzureWolf\Source\Temp\Builds\GameBuildWin32\link.8696-cvtres.read.1.tlog
E:\Projects\AzureWolf\Source\Temp\Builds\GameBuildWin32\link.8696-cvtres.write.1.tlog
E:\Projects\AzureWolf\Source\Temp\Builds\GameBuildWin32\link.command.1.tlog
E:\Projects\AzureWolf\Source\Temp\Builds\GameBuildWin32\link.read.1.tlog
E:\Projects\AzureWolf\Source\Temp\Builds\GameBuildWin32\link.write.1.tlog
E:\Projects\AzureWolf\Source\Temp\Builds\GameBuildWin32\link-cvtres.read.1.tlog
E:\Projects\AzureWolf\Source\Temp\Builds\GameBuildWin32\link-cvtres.write.1.tlog
E:\Projects\AzureWolf\Source\Temp\Builds\GameBuildWin32\mt.command.1.tlog
E:\Projects\AzureWolf\Source\Temp\Builds\GameBuildWin32\mt.read.1.tlog
E:\Projects\AzureWolf\Source\Temp\Builds\GameBuildWin32\mt.write.1.tlog
E:\Projects\AzureWolf\Source\Temp\Builds\GameBuildWin32\rc.command.1.tlog
E:\Projects\AzureWolf\Source\Temp\Builds\GameBuildWin32\rc.read.1.tlog
E:\Projects\AzureWolf\Source\Temp\Builds\GameBuildWin32\rc.write.1.tlog
