E:\Projects\AzureWolf\Source\AzureWolf\..\Lib\AzureWolfWin32\AzureWolfWin32R.lib
E:\PROJECTS\AZUREWOLF\SOURCE\LIB\AZUREWOLFWIN32\AZUREWOLFWIN32R.LIB
E:\PROJECTS\AZUREWOLF\SOURCE\TEMP\BUILDS\AZUREWOLFWIN32\AW_APPLICATION.OBJ
E:\PROJECTS\AZUREWOLF\SOURCE\TEMP\BUILDS\AZUREWOLFWIN32\AW_COMMAND.OBJ
E:\PROJECTS\AZUREWOLF\SOURCE\TEMP\BUILDS\AZUREWOLFWIN32\AW_RENDERER.OBJ
E:\PROJECTS\AZUREWOLF\SOURCE\TEMP\BUILDS\AZUREWOLFWIN32\AW_WINDOWAPPLICATION.OBJ
E:\PROJECTS\AZUREWOLF\SOURCE\TEMP\BUILDS\AZUREWOLFWIN32\AW_WINDOWAPPLICATIONMAIN.OBJ
E:\PROJECTS\AZUREWOLF\SOURCE\TEMP\BUILDS\AZUREWOLFWIN32\AWINIT.OBJ
E:\PROJECTS\AZUREWOLF\SOURCE\TEMP\BUILDS\AZUREWOLFWIN32\AWTIME.OBJ
E:\PROJECTS\AZUREWOLF\SOURCE\TEMP\BUILDS\AZUREWOLFWIN32\AZUREWOLF.OBJ
E:\Projects\AzureWolf\Source\Temp\Builds\AzureWolfWin32\AzureWolf.write.1.tlog
E:\PROJECTS\AZUREWOLF\SOURCE\TEMP\BUILDS\AZUREWOLFWIN32\AZUREWOLFSTD.OBJ
E:\PROJECTS\AZUREWOLF\SOURCE\TEMP\BUILDS\AZUREWOLFWIN32\AZUREWOLFWIN32R.PCH
E:\PROJECTS\AZUREWOLF\SOURCE\TEMP\BUILDS\AZUREWOLFWIN32\AZUREWOLFWIN32R.PDB
E:\PROJECTS\AZUREWOLF\SOURCE\TEMP\BUILDS\AZUREWOLFWIN32\BASEGAMELOGIC.OBJ
E:\Projects\AzureWolf\Source\Temp\Builds\AzureWolfWin32\cl.command.1.tlog
E:\Projects\AzureWolf\Source\Temp\Builds\AzureWolfWin32\CL.read.1.tlog
E:\Projects\AzureWolf\Source\Temp\Builds\AzureWolfWin32\CL.write.1.tlog
E:\PROJECTS\AZUREWOLF\SOURCE\TEMP\BUILDS\AZUREWOLFWIN32\GEOMETRY.OBJ
E:\PROJECTS\AZUREWOLF\SOURCE\TEMP\BUILDS\AZUREWOLFWIN32\INITIALIZATION.OBJ
E:\Projects\AzureWolf\Source\Temp\Builds\AzureWolfWin32\lib.command.1.tlog
E:\Projects\AzureWolf\Source\Temp\Builds\AzureWolfWin32\Lib-link.read.1.tlog
E:\Projects\AzureWolf\Source\Temp\Builds\AzureWolfWin32\Lib-link.write.1.tlog
E:\PROJECTS\AZUREWOLF\SOURCE\TEMP\BUILDS\AZUREWOLFWIN32\LOGGER.OBJ
E:\PROJECTS\AZUREWOLF\SOURCE\TEMP\BUILDS\AZUREWOLFWIN32\RESOURCECACHE.OBJ
E:\PROJECTS\AZUREWOLF\SOURCE\TEMP\BUILDS\AZUREWOLFWIN32\SCENENODE.OBJ
E:\PROJECTS\AZUREWOLF\SOURCE\TEMP\BUILDS\AZUREWOLFWIN32\SPIRIT.OBJ
E:\PROJECTS\AZUREWOLF\SOURCE\TEMP\BUILDS\AZUREWOLFWIN32\SPIRITFACTORY.OBJ
