E:\PROJECTS\AZUREWOLF\SOURCE\TEMP\BUILDS\AZUREWOLFWIN32\AZUREWOLFWIN32D.PCH
E:\PROJECTS\AZUREWOLF\SOURCE\TEMP\BUILDS\AZUREWOLFWIN32\AZUREWOLFSTD.OBJ
E:\PROJECTS\AZUREWOLF\SOURCE\TEMP\BUILDS\AZUREWOLFWIN32\AZUREWOLFWIN32D.PDB
E:\PROJECTS\AZUREWOLF\SOURCE\TEMP\BUILDS\AZUREWOLFWIN32\AZUREWOLF.OBJ
E:\PROJECTS\AZUREWOLF\SOURCE\TEMP\BUILDS\AZUREWOLFWIN32\BASEGAMELOGIC.OBJ
E:\PROJECTS\AZUREWOLF\SOURCE\TEMP\BUILDS\AZUREWOLFWIN32\INITIALIZATION.OBJ
E:\PROJECTS\AZUREWOLF\SOURCE\TEMP\BUILDS\AZUREWOLFWIN32\LOGGER.OBJ
E:\PROJECTS\AZUREWOLF\SOURCE\TEMP\BUILDS\AZUREWOLFWIN32\AW_APPLICATION.OBJ
E:\PROJECTS\AZUREWOLF\SOURCE\TEMP\BUILDS\AZUREWOLFWIN32\AW_COMMAND.OBJ
E:\PROJECTS\AZUREWOLF\SOURCE\TEMP\BUILDS\AZUREWOLFWIN32\AW_WINDOWAPPLICATION.OBJ
E:\PROJECTS\AZUREWOLF\SOURCE\TEMP\BUILDS\AZUREWOLFWIN32\AW_WINDOWAPPLICATIONMAIN.OBJ
E:\PROJECTS\AZUREWOLF\SOURCE\TEMP\BUILDS\AZUREWOLFWIN32\AWTIME.OBJ
E:\PROJECTS\AZUREWOLF\SOURCE\TEMP\BUILDS\AZUREWOLFWIN32\AWINIT.OBJ
E:\PROJECTS\AZUREWOLF\SOURCE\TEMP\BUILDS\AZUREWOLFWIN32\CAMERA.OBJ
E:\PROJECTS\AZUREWOLF\SOURCE\TEMP\BUILDS\AZUREWOLFWIN32\MATH_3D.OBJ
E:\PROJECTS\AZUREWOLF\SOURCE\TEMP\BUILDS\AZUREWOLFWIN32\PIPELINE.OBJ
E:\PROJECTS\AZUREWOLF\SOURCE\TEMP\BUILDS\AZUREWOLFWIN32\GEOMETRY.OBJ
E:\PROJECTS\AZUREWOLF\SOURCE\TEMP\BUILDS\AZUREWOLFWIN32\SCENENODE.OBJ
E:\PROJECTS\AZUREWOLF\SOURCE\TEMP\BUILDS\AZUREWOLFWIN32\RESOURCECACHE.OBJ
E:\PROJECTS\AZUREWOLF\SOURCE\TEMP\BUILDS\AZUREWOLFWIN32\SPIRIT.OBJ
E:\PROJECTS\AZUREWOLF\SOURCE\TEMP\BUILDS\AZUREWOLFWIN32\SPIRITFACTORY.OBJ
E:\Projects\AzureWolf\Source\Temp\Builds\AzureWolfWin32\AWInit.obj
E:\Projects\AzureWolf\Source\Temp\Builds\AzureWolfWin32\AWTime.obj
E:\Projects\AzureWolf\Source\Temp\Builds\AzureWolfWin32\AW_Application.obj
E:\Projects\AzureWolf\Source\Temp\Builds\AzureWolfWin32\AW_Command.obj
E:\Projects\AzureWolf\Source\Temp\Builds\AzureWolfWin32\AW_WindowApplication.obj
E:\Projects\AzureWolf\Source\Temp\Builds\AzureWolfWin32\AW_WindowApplicationMain.obj
E:\Projects\AzureWolf\Source\Temp\Builds\AzureWolfWin32\AzureWolf.obj
E:\Projects\AzureWolf\Source\Temp\Builds\AzureWolfWin32\AzureWolfStd.obj
E:\Projects\AzureWolf\Source\Temp\Builds\AzureWolfWin32\BaseGameLogic.obj
E:\Projects\AzureWolf\Source\Temp\Builds\AzureWolfWin32\camera.obj
E:\Projects\AzureWolf\Source\Temp\Builds\AzureWolfWin32\geometry.obj
E:\Projects\AzureWolf\Source\Temp\Builds\AzureWolfWin32\Initialization.obj
E:\Projects\AzureWolf\Source\Temp\Builds\AzureWolfWin32\Logger.obj
E:\Projects\AzureWolf\Source\Temp\Builds\AzureWolfWin32\math_3d.obj
E:\Projects\AzureWolf\Source\Temp\Builds\AzureWolfWin32\pipeline.obj
E:\Projects\AzureWolf\Source\Temp\Builds\AzureWolfWin32\ResourceCache.obj
E:\Projects\AzureWolf\Source\Temp\Builds\AzureWolfWin32\SceneNode.obj
E:\Projects\AzureWolf\Source\Temp\Builds\AzureWolfWin32\Spirit.obj
E:\Projects\AzureWolf\Source\Temp\Builds\AzureWolfWin32\SpiritFactory.obj
E:\Projects\AzureWolf\Source\Temp\Builds\AzureWolfWin32\cl.command.1.tlog
E:\Projects\AzureWolf\Source\Temp\Builds\AzureWolfWin32\CL.read.1.tlog
E:\Projects\AzureWolf\Source\Temp\Builds\AzureWolfWin32\CL.write.1.tlog
E:\Projects\AzureWolf\Source\Temp\Builds\AzureWolfWin32\AzureWolfWin32D.pch
E:\Projects\AzureWolf\Source\Temp\Builds\AzureWolfWin32\AzureWolfWin32D.idb
E:\Projects\AzureWolf\Source\Temp\Builds\AzureWolfWin32\azurewolfwin32d.pdb
